[2016-10-11 14:04:19] local.INFO: index:   
[2016-10-11 14:04:27] local.INFO: index:   
[2016-10-11 14:05:39] local.INFO: index:   
[2016-10-11 14:05:50] local.INFO: index: htt  
[2016-10-11 14:06:45] local.INFO: index:   
[2016-10-11 14:06:47] local.INFO: index: ddd  
[2016-10-11 14:06:51] local.INFO: index: htt  
[2016-10-11 14:07:21] local.INFO: index:   
[2016-10-11 14:07:23] local.INFO: index: htt  
[2016-10-11 14:07:23] local.INFO: Search: htt  
[2016-10-11 14:07:26] local.INFO: index: http  
[2016-10-11 14:07:26] local.INFO: Search: http  
[2016-10-11 14:07:29] local.INFO: index: htt  
[2016-10-11 14:07:29] local.INFO: Search: htt  
[2016-10-11 14:07:31] local.INFO: index: dsa  
[2016-10-11 14:07:31] local.INFO: Search: dsa  
[2016-10-11 14:18:38] local.ERROR: PDOException: SQLSTATE[HY000]: General error: 1364 Field 'description' doesn't have a default value in /var/www/html/web/laravelApi/vendor/laravel/framework/src/Illuminate/Database/Connection.php:480
Stack trace:
#0 /var/www/html/web/laravelApi/vendor/laravel/framework/src/Illuminate/Database/Connection.php(480): PDOStatement->execute()
#1 /var/www/html/web/laravelApi/vendor/laravel/framework/src/Illuminate/Database/Connection.php(754): Illuminate\Database\Connection->Illuminate\Database\{closure}(Object(Illuminate\Database\MySqlConnection), 'insert into `it...', Array)
#2 /var/www/html/web/laravelApi/vendor/laravel/framework/src/Illuminate/Database/Connection.php(717): Illuminate\Database\Connection->runQueryCallback('insert into `it...', Array, Object(Closure))
#3 /var/www/html/web/laravelApi/vendor/laravel/framework/src/Illuminate/Database/Connection.php(481): Illuminate\Database\Connection->run('insert into `it...', Array, Object(Closure))
#4 /var/www/html/web/laravelApi/vendor/laravel/framework/src/Illuminate/Database/Connection.php(435): Illuminate\Database\Connection->statement('insert into `it...', Array)
#5 /var/www/html/web/laravelApi/vendor/laravel/framework/src/Illuminate/Database/Query/Processors/Processor.php(32): Illuminate\Database\Connection->insert('insert into `it...', Array)
#6 /var/www/html/web/laravelApi/vendor/laravel/framework/src/Illuminate/Database/Query/Builder.php(2142): Illuminate\Database\Query\Processors\Processor->processInsertGetId(Object(Illuminate\Database\Query\Builder), 'insert into `it...', Array, 'id')
#7 [internal function]: Illuminate\Database\Query\Builder->insertGetId(Array, 'id')
#8 /var/www/html/web/laravelApi/vendor/laravel/framework/src/Illuminate/Database/Eloquent/Builder.php(1435): call_user_func_array(Array, Array)
#9 /var/www/html/web/laravelApi/vendor/laravel/framework/src/Illuminate/Database/Eloquent/Model.php(1607): Illuminate\Database\Eloquent\Builder->__call('insertGetId', Array)
#10 /var/www/html/web/laravelApi/vendor/laravel/framework/src/Illuminate/Database/Eloquent/Model.php(1576): Illuminate\Database\Eloquent\Model->insertAndSetId(Object(Illuminate\Database\Eloquent\Builder), Array)
#11 /var/www/html/web/laravelApi/vendor/laravel/framework/src/Illuminate/Database/Eloquent/Model.php(1472): Illuminate\Database\Eloquent\Model->performInsert(Object(Illuminate\Database\Eloquent\Builder))
#12 /var/www/html/web/laravelApi/app/Repositories/ItemRepository.php(90): Illuminate\Database\Eloquent\Model->save()
#13 /var/www/html/web/laravelApi/app/Http/Controllers/ItemController.php(64): App\Repositories\ItemRepository->store(Object(App\Http\Requests\ItemCreateRequest))
#14 [internal function]: App\Http\Controllers\ItemController->store(Object(App\Http\Requests\ItemCreateRequest))
#15 /var/www/html/web/laravelApi/vendor/laravel/framework/src/Illuminate/Routing/Controller.php(55): call_user_func_array(Array, Array)
#16 /var/www/html/web/laravelApi/vendor/laravel/framework/src/Illuminate/Routing/ControllerDispatcher.php(44): Illuminate\Routing\Controller->callAction('store', Array)
#17 /var/www/html/web/laravelApi/vendor/laravel/framework/src/Illuminate/Routing/Route.php(189): Illuminate\Routing\ControllerDispatcher->dispatch(Object(Illuminate\Routing\Route), Object(App\Http\Controllers\ItemController), 'store')
#18 /var/www/html/web/laravelApi/vendor/laravel/framework/src/Illuminate/Routing/Route.php(144): Illuminate\Routing\Route->runController()
#19 /var/www/html/web/laravelApi/vendor/laravel/framework/src/Illuminate/Routing/Router.php(642): Illuminate\Routing\Route->run(Object(Illuminate\Http\Request))
#20 /var/www/html/web/laravelApi/vendor/laravel/framework/src/Illuminate/Routing/Pipeline.php(53): Illuminate\Routing\Router->Illuminate\Routing\{closure}(Object(Illuminate\Http\Request))
#21 /var/www/html/web/laravelApi/vendor/laravel/framework/src/Illuminate/Auth/Middleware/Authenticate.php(43): Illuminate\Routing\Pipeline->Illuminate\Routing\{closure}(Object(Illuminate\Http\Request))
#22 /var/www/html/web/laravelApi/vendor/laravel/framework/src/Illuminate/Pipeline/Pipeline.php(137): Illuminate\Auth\Middleware\Authenticate->handle(Object(Illuminate\Http\Request), Object(Closure), 'api')
#23 /var/www/html/web/laravelApi/vendor/laravel/framework/src/Illuminate/Routing/Pipeline.php(33): Illuminate\Pipeline\Pipeline->Illuminate\Pipeline\{closure}(Object(Illuminate\Http\Request))
#24 /var/www/html/web/laravelApi/vendor/laravel/framework/src/Illuminate/Routing/Middleware/SubstituteBindings.php(41): Illuminate\Routing\Pipeline->Illuminate\Routing\{closure}(Object(Illuminate\Http\Request))
#25 /var/www/html/web/laravelApi/vendor/laravel/framework/src/Illuminate/Pipeline/Pipeline.php(137): Illuminate\Routing\Middleware\SubstituteBindings->handle(Object(Illuminate\Http\Request), Object(Closure))
#26 /var/www/html/web/laravelApi/vendor/laravel/framework/src/Illuminate/Routing/Pipeline.php(33): Illuminate\Pipeline\Pipeline->Illuminate\Pipeline\{closure}(Object(Illuminate\Http\Request))
#27 /var/www/html/web/laravelApi/vendor/laravel/framework/src/Illuminate/Routing/Middleware/ThrottleRequests.php(49): Illuminate\Routing\Pipeline->Illuminate\Routing\{closure}(Object(Illuminate\Http\Request))
#28 /var/www/html/web/laravelApi/vendor/laravel/framework/src/Illuminate/Pipeline/Pipeline.php(137): Illuminate\Routing\Middleware\ThrottleRequests->handle(Object(Illuminate\Http\Request), Object(Closure), '60', '1')
#29 /var/www/html/web/laravelApi/vendor/laravel/framework/src/Illuminate/Routing/Pipeline.php(33): Illuminate\Pipeline\Pipeline->Illuminate\Pipeline\{closure}(Object(Illuminate\Http\Request))
#30 /var/www/html/web/laravelApi/vendor/laravel/framework/src/Illuminate/Pipeline/Pipeline.php(104): Illuminate\Routing\Pipeline->Illuminate\Routing\{closure}(Object(Illuminate\Http\Request))
#31 /var/www/html/web/laravelApi/vendor/laravel/framework/src/Illuminate/Routing/Router.php(644): Illuminate\Pipeline\Pipeline->then(Object(Closure))
#32 /var/www/html/web/laravelApi/vendor/laravel/framework/src/Illuminate/Routing/Router.php(618): Illuminate\Routing\Router->runRouteWithinStack(Object(Illuminate\Routing\Route), Object(Illuminate\Http\Request))
#33 /var/www/html/web/laravelApi/vendor/laravel/framework/src/Illuminate/Routing/Router.php(596): Illuminate\Routing\Router->dispatchToRoute(Object(Illuminate\Http\Request))
#34 /var/www/html/web/laravelApi/vendor/laravel/framework/src/Illuminate/Foundation/Http/Kernel.php(267): Illuminate\Routing\Router->dispatch(Object(Illuminate\Http\Request))
#35 /var/www/html/web/laravelApi/vendor/laravel/framework/src/Illuminate/Routing/Pipeline.php(53): Illuminate\Foundation\Http\Kernel->Illuminate\Foundation\Http\{closure}(Object(Illuminate\Http\Request))
#36 /var/www/html/web/laravelApi/vendor/laravel/framework/src/Illuminate/Foundation/Http/Middleware/CheckForMaintenanceMode.php(46): Illuminate\Routing\Pipeline->Illuminate\Routing\{closure}(Object(Illuminate\Http\Request))
#37 /var/www/html/web/laravelApi/vendor/laravel/framework/src/Illuminate/Pipeline/Pipeline.php(137): Illuminate\Foundation\Http\Middleware\CheckForMaintenanceMode->handle(Object(Illuminate\Http\Request), Object(Closure))
#38 /var/www/html/web/laravelApi/vendor/laravel/framework/src/Illuminate/Routing/Pipeline.php(33): Illuminate\Pipeline\Pipeline->Illuminate\Pipeline\{closure}(Object(Illuminate\Http\Request))
#39 /var/www/html/web/laravelApi/vendor/laravel/framework/src/Illuminate/Pipeline/Pipeline.php(104): Illuminate\Routing\Pipeline->Illuminate\Routing\{closure}(Object(Illuminate\Http\Request))
#40 /var/www/html/web/laravelApi/vendor/laravel/framework/src/Illuminate/Foundation/Http/Kernel.php(149): Illuminate\Pipeline\Pipeline->then(Object(Closure))
#41 /var/www/html/web/laravelApi/vendor/laravel/framework/src/Illuminate/Foundation/Http/Kernel.php(116): Illuminate\Foundation\Http\Kernel->sendRequestThroughRouter(Object(Illuminate\Http\Request))
#42 /var/www/html/web/laravelApi/public/index.php(53): Illuminate\Foundation\Http\Kernel->handle(Object(Illuminate\Http\Request))
#43 /var/www/html/web/laravelApi/server.php(21): require_once('/var/www/html/w...')
#44 {main}

Next Illuminate\Database\QueryException: SQLSTATE[HY000]: General error: 1364 Field 'description' doesn't have a default value (SQL: insert into `items` (`user_id`, `long_url`, `short_code`, `updated_at`, `created_at`) values (1, http://www.ng-newsletter.com.s3-website-us-east-1.amazonaws.com/posts/validations.html, n87HGp, 2016-10-11 14:18:38, 2016-10-11 14:18:38)) in /var/www/html/web/laravelApi/vendor/laravel/framework/src/Illuminate/Database/Connection.php:761
Stack trace:
#0 /var/www/html/web/laravelApi/vendor/laravel/framework/src/Illuminate/Database/Connection.php(717): Illuminate\Database\Connection->runQueryCallback('insert into `it...', Array, Object(Closure))
#1 /var/www/html/web/laravelApi/vendor/laravel/framework/src/Illuminate/Database/Connection.php(481): Illuminate\Database\Connection->run('insert into `it...', Array, Object(Closure))
#2 /var/www/html/web/laravelApi/vendor/laravel/framework/src/Illuminate/Database/Connection.php(435): Illuminate\Database\Connection->statement('insert into `it...', Array)
#3 /var/www/html/web/laravelApi/vendor/laravel/framework/src/Illuminate/Database/Query/Processors/Processor.php(32): Illuminate\Database\Connection->insert('insert into `it...', Array)
#4 /var/www/html/web/laravelApi/vendor/laravel/framework/src/Illuminate/Database/Query/Builder.php(2142): Illuminate\Database\Query\Processors\Processor->processInsertGetId(Object(Illuminate\Database\Query\Builder), 'insert into `it...', Array, 'id')
#5 [internal function]: Illuminate\Database\Query\Builder->insertGetId(Array, 'id')
#6 /var/www/html/web/laravelApi/vendor/laravel/framework/src/Illuminate/Database/Eloquent/Builder.php(1435): call_user_func_array(Array, Array)
#7 /var/www/html/web/laravelApi/vendor/laravel/framework/src/Illuminate/Database/Eloquent/Model.php(1607): Illuminate\Database\Eloquent\Builder->__call('insertGetId', Array)
#8 /var/www/html/web/laravelApi/vendor/laravel/framework/src/Illuminate/Database/Eloquent/Model.php(1576): Illuminate\Database\Eloquent\Model->insertAndSetId(Object(Illuminate\Database\Eloquent\Builder), Array)
#9 /var/www/html/web/laravelApi/vendor/laravel/framework/src/Illuminate/Database/Eloquent/Model.php(1472): Illuminate\Database\Eloquent\Model->performInsert(Object(Illuminate\Database\Eloquent\Builder))
#10 /var/www/html/web/laravelApi/app/Repositories/ItemRepository.php(90): Illuminate\Database\Eloquent\Model->save()
#11 /var/www/html/web/laravelApi/app/Http/Controllers/ItemController.php(64): App\Repositories\ItemRepository->store(Object(App\Http\Requests\ItemCreateRequest))
#12 [internal function]: App\Http\Controllers\ItemController->store(Object(App\Http\Requests\ItemCreateRequest))
#13 /var/www/html/web/laravelApi/vendor/laravel/framework/src/Illuminate/Routing/Controller.php(55): call_user_func_array(Array, Array)
#14 /var/www/html/web/laravelApi/vendor/laravel/framework/src/Illuminate/Routing/ControllerDispatcher.php(44): Illuminate\Routing\Controller->callAction('store', Array)
#15 /var/www/html/web/laravelApi/vendor/laravel/framework/src/Illuminate/Routing/Route.php(189): Illuminate\Routing\ControllerDispatcher->dispatch(Object(Illuminate\Routing\Route), Object(App\Http\Controllers\ItemController), 'store')
#16 /var/www/html/web/laravelApi/vendor/laravel/framework/src/Illuminate/Routing/Route.php(144): Illuminate\Routing\Route->runController()
#17 /var/www/html/web/laravelApi/vendor/laravel/framework/src/Illuminate/Routing/Router.php(642): Illuminate\Routing\Route->run(Object(Illuminate\Http\Request))
#18 /var/www/html/web/laravelApi/vendor/laravel/framework/src/Illuminate/Routing/Pipeline.php(53): Illuminate\Routing\Router->Illuminate\Routing\{closure}(Object(Illuminate\Http\Request))
#19 /var/www/html/web/laravelApi/vendor/laravel/framework/src/Illuminate/Auth/Middleware/Authenticate.php(43): Illuminate\Routing\Pipeline->Illuminate\Routing\{closure}(Object(Illuminate\Http\Request))
#20 /var/www/html/web/laravelApi/vendor/laravel/framework/src/Illuminate/Pipeline/Pipeline.php(137): Illuminate\Auth\Middleware\Authenticate->handle(Object(Illuminate\Http\Request), Object(Closure), 'api')
#21 /var/www/html/web/laravelApi/vendor/laravel/framework/src/Illuminate/Routing/Pipeline.php(33): Illuminate\Pipeline\Pipeline->Illuminate\Pipeline\{closure}(Object(Illuminate\Http\Request))
#22 /var/www/html/web/laravelApi/vendor/laravel/framework/src/Illuminate/Routing/Middleware/SubstituteBindings.php(41): Illuminate\Routing\Pipeline->Illuminate\Routing\{closure}(Object(Illuminate\Http\Request))
#23 /var/www/html/web/laravelApi/vendor/laravel/framework/src/Illuminate/Pipeline/Pipeline.php(137): Illuminate\Routing\Middleware\SubstituteBindings->handle(Object(Illuminate\Http\Request), Object(Closure))
#24 /var/www/html/web/laravelApi/vendor/laravel/framework/src/Illuminate/Routing/Pipeline.php(33): Illuminate\Pipeline\Pipeline->Illuminate\Pipeline\{closure}(Object(Illuminate\Http\Request))
#25 /var/www/html/web/laravelApi/vendor/laravel/framework/src/Illuminate/Routing/Middleware/ThrottleRequests.php(49): Illuminate\Routing\Pipeline->Illuminate\Routing\{closure}(Object(Illuminate\Http\Request))
#26 /var/www/html/web/laravelApi/vendor/laravel/framework/src/Illuminate/Pipeline/Pipeline.php(137): Illuminate\Routing\Middleware\ThrottleRequests->handle(Object(Illuminate\Http\Request), Object(Closure), '60', '1')
#27 /var/www/html/web/laravelApi/vendor/laravel/framework/src/Illuminate/Routing/Pipeline.php(33): Illuminate\Pipeline\Pipeline->Illuminate\Pipeline\{closure}(Object(Illuminate\Http\Request))
#28 /var/www/html/web/laravelApi/vendor/laravel/framework/src/Illuminate/Pipeline/Pipeline.php(104): Illuminate\Routing\Pipeline->Illuminate\Routing\{closure}(Object(Illuminate\Http\Request))
#29 /var/www/html/web/laravelApi/vendor/laravel/framework/src/Illuminate/Routing/Router.php(644): Illuminate\Pipeline\Pipeline->then(Object(Closure))
#30 /var/www/html/web/laravelApi/vendor/laravel/framework/src/Illuminate/Routing/Router.php(618): Illuminate\Routing\Router->runRouteWithinStack(Object(Illuminate\Routing\Route), Object(Illuminate\Http\Request))
#31 /var/www/html/web/laravelApi/vendor/laravel/framework/src/Illuminate/Routing/Router.php(596): Illuminate\Routing\Router->dispatchToRoute(Object(Illuminate\Http\Request))
#32 /var/www/html/web/laravelApi/vendor/laravel/framework/src/Illuminate/Foundation/Http/Kernel.php(267): Illuminate\Routing\Router->dispatch(Object(Illuminate\Http\Request))
#33 /var/www/html/web/laravelApi/vendor/laravel/framework/src/Illuminate/Routing/Pipeline.php(53): Illuminate\Foundation\Http\Kernel->Illuminate\Foundation\Http\{closure}(Object(Illuminate\Http\Request))
#34 /var/www/html/web/laravelApi/vendor/laravel/framework/src/Illuminate/Foundation/Http/Middleware/CheckForMaintenanceMode.php(46): Illuminate\Routing\Pipeline->Illuminate\Routing\{closure}(Object(Illuminate\Http\Request))
#35 /var/www/html/web/laravelApi/vendor/laravel/framework/src/Illuminate/Pipeline/Pipeline.php(137): Illuminate\Foundation\Http\Middleware\CheckForMaintenanceMode->handle(Object(Illuminate\Http\Request), Object(Closure))
#36 /var/www/html/web/laravelApi/vendor/laravel/framework/src/Illuminate/Routing/Pipeline.php(33): Illuminate\Pipeline\Pipeline->Illuminate\Pipeline\{closure}(Object(Illuminate\Http\Request))
#37 /var/www/html/web/laravelApi/vendor/laravel/framework/src/Illuminate/Pipeline/Pipeline.php(104): Illuminate\Routing\Pipeline->Illuminate\Routing\{closure}(Object(Illuminate\Http\Request))
#38 /var/www/html/web/laravelApi/vendor/laravel/framework/src/Illuminate/Foundation/Http/Kernel.php(149): Illuminate\Pipeline\Pipeline->then(Object(Closure))
#39 /var/www/html/web/laravelApi/vendor/laravel/framework/src/Illuminate/Foundation/Http/Kernel.php(116): Illuminate\Foundation\Http\Kernel->sendRequestThroughRouter(Object(Illuminate\Http\Request))
#40 /var/www/html/web/laravelApi/public/index.php(53): Illuminate\Foundation\Http\Kernel->handle(Object(Illuminate\Http\Request))
#41 /var/www/html/web/laravelApi/server.php(21): require_once('/var/www/html/w...')
#42 {main}  
[2016-10-11 14:38:39] local.ERROR: Symfony\Component\Debug\Exception\FatalThrowableError: Parse error: syntax error, unexpected ')', expecting ']' in /var/www/html/web/laravelApi/app/Http/Controllers/ItemController.php:52
Stack trace:
#0 /var/www/html/web/laravelApi/vendor/composer/ClassLoader.php(301): Composer\Autoload\includeFile('/var/www/html/w...')
#1 [internal function]: Composer\Autoload\ClassLoader->loadClass('App\\Http\\Contro...')
#2 [internal function]: spl_autoload_call('App\\Http\\Contro...')
#3 /var/www/html/web/laravelApi/vendor/laravel/framework/src/Illuminate/Container/Container.php(749): ReflectionClass->__construct('App\\Http\\Contro...')
#4 /var/www/html/web/laravelApi/vendor/laravel/framework/src/Illuminate/Container/Container.php(644): Illuminate\Container\Container->build('App\\Http\\Contro...', Array)
#5 /var/www/html/web/laravelApi/vendor/laravel/framework/src/Illuminate/Foundation/Application.php(709): Illuminate\Container\Container->make('App\\Http\\Contro...', Array)
#6 /var/www/html/web/laravelApi/vendor/laravel/framework/src/Illuminate/Routing/Route.php(203): Illuminate\Foundation\Application->make('App\\Http\\Contro...')
#7 /var/www/html/web/laravelApi/vendor/laravel/framework/src/Illuminate/Routing/Route.php(316): Illuminate\Routing\Route->getController()
#8 /var/www/html/web/laravelApi/vendor/laravel/framework/src/Illuminate/Routing/Route.php(278): Illuminate\Routing\Route->controllerMiddleware()
#9 /var/www/html/web/laravelApi/vendor/laravel/framework/src/Illuminate/Routing/Router.php(655): Illuminate\Routing\Route->gatherMiddleware()
#10 /var/www/html/web/laravelApi/vendor/laravel/framework/src/Illuminate/Routing/Router.php(635): Illuminate\Routing\Router->gatherRouteMiddleware(Object(Illuminate\Routing\Route))
#11 /var/www/html/web/laravelApi/vendor/laravel/framework/src/Illuminate/Routing/Router.php(618): Illuminate\Routing\Router->runRouteWithinStack(Object(Illuminate\Routing\Route), Object(Illuminate\Http\Request))
#12 /var/www/html/web/laravelApi/vendor/laravel/framework/src/Illuminate/Routing/Router.php(596): Illuminate\Routing\Router->dispatchToRoute(Object(Illuminate\Http\Request))
#13 /var/www/html/web/laravelApi/vendor/laravel/framework/src/Illuminate/Foundation/Http/Kernel.php(267): Illuminate\Routing\Router->dispatch(Object(Illuminate\Http\Request))
#14 /var/www/html/web/laravelApi/vendor/laravel/framework/src/Illuminate/Routing/Pipeline.php(53): Illuminate\Foundation\Http\Kernel->Illuminate\Foundation\Http\{closure}(Object(Illuminate\Http\Request))
#15 /var/www/html/web/laravelApi/vendor/laravel/framework/src/Illuminate/Foundation/Http/Middleware/CheckForMaintenanceMode.php(46): Illuminate\Routing\Pipeline->Illuminate\Routing\{closure}(Object(Illuminate\Http\Request))
#16 /var/www/html/web/laravelApi/vendor/laravel/framework/src/Illuminate/Pipeline/Pipeline.php(137): Illuminate\Foundation\Http\Middleware\CheckForMaintenanceMode->handle(Object(Illuminate\Http\Request), Object(Closure))
#17 /var/www/html/web/laravelApi/vendor/laravel/framework/src/Illuminate/Routing/Pipeline.php(33): Illuminate\Pipeline\Pipeline->Illuminate\Pipeline\{closure}(Object(Illuminate\Http\Request))
#18 /var/www/html/web/laravelApi/vendor/laravel/framework/src/Illuminate/Pipeline/Pipeline.php(104): Illuminate\Routing\Pipeline->Illuminate\Routing\{closure}(Object(Illuminate\Http\Request))
#19 /var/www/html/web/laravelApi/vendor/laravel/framework/src/Illuminate/Foundation/Http/Kernel.php(149): Illuminate\Pipeline\Pipeline->then(Object(Closure))
#20 /var/www/html/web/laravelApi/vendor/laravel/framework/src/Illuminate/Foundation/Http/Kernel.php(116): Illuminate\Foundation\Http\Kernel->sendRequestThroughRouter(Object(Illuminate\Http\Request))
#21 /var/www/html/web/laravelApi/public/index.php(53): Illuminate\Foundation\Http\Kernel->handle(Object(Illuminate\Http\Request))
#22 /var/www/html/web/laravelApi/server.php(21): require_once('/var/www/html/w...')
#23 {main}  
[2016-10-11 14:38:39] local.ERROR: Symfony\Component\Debug\Exception\FatalThrowableError: Parse error: syntax error, unexpected ')', expecting ']' in /var/www/html/web/laravelApi/app/Http/Controllers/ItemController.php:52
Stack trace:
#0 /var/www/html/web/laravelApi/vendor/composer/ClassLoader.php(301): Composer\Autoload\includeFile('/var/www/html/w...')
#1 [internal function]: Composer\Autoload\ClassLoader->loadClass('App\\Http\\Contro...')
#2 [internal function]: spl_autoload_call('App\\Http\\Contro...')
#3 /var/www/html/web/laravelApi/vendor/laravel/framework/src/Illuminate/Container/Container.php(749): ReflectionClass->__construct('App\\Http\\Contro...')
#4 /var/www/html/web/laravelApi/vendor/laravel/framework/src/Illuminate/Container/Container.php(644): Illuminate\Container\Container->build('App\\Http\\Contro...', Array)
#5 /var/www/html/web/laravelApi/vendor/laravel/framework/src/Illuminate/Foundation/Application.php(709): Illuminate\Container\Container->make('App\\Http\\Contro...', Array)
#6 /var/www/html/web/laravelApi/vendor/laravel/framework/src/Illuminate/Routing/Route.php(203): Illuminate\Foundation\Application->make('App\\Http\\Contro...')
#7 /var/www/html/web/laravelApi/vendor/laravel/framework/src/Illuminate/Routing/Route.php(316): Illuminate\Routing\Route->getController()
#8 /var/www/html/web/laravelApi/vendor/laravel/framework/src/Illuminate/Routing/Route.php(278): Illuminate\Routing\Route->controllerMiddleware()
#9 /var/www/html/web/laravelApi/vendor/laravel/framework/src/Illuminate/Routing/Router.php(655): Illuminate\Routing\Route->gatherMiddleware()
#10 /var/www/html/web/laravelApi/vendor/laravel/framework/src/Illuminate/Foundation/Http/Kernel.php(192): Illuminate\Routing\Router->gatherRouteMiddleware(Object(Illuminate\Routing\Route))
#11 /var/www/html/web/laravelApi/vendor/laravel/framework/src/Illuminate/Foundation/Http/Kernel.php(162): Illuminate\Foundation\Http\Kernel->gatherRouteMiddleware(Object(Illuminate\Http\Request))
#12 /var/www/html/web/laravelApi/public/index.php(58): Illuminate\Foundation\Http\Kernel->terminate(Object(Illuminate\Http\Request), Object(Illuminate\Http\Response))
#13 /var/www/html/web/laravelApi/server.php(21): require_once('/var/www/html/w...')
#14 {main}  
[2016-10-11 14:38:53] local.ERROR: Symfony\Component\Debug\Exception\FatalThrowableError: Class 'App\Http\Controllers\Config' not found in /var/www/html/web/laravelApi/app/Http/Controllers/ItemController.php:52
Stack trace:
#0 [internal function]: App\Http\Controllers\ItemController->index(Object(Illuminate\Http\Request))
#1 /var/www/html/web/laravelApi/vendor/laravel/framework/src/Illuminate/Routing/Controller.php(55): call_user_func_array(Array, Array)
#2 /var/www/html/web/laravelApi/vendor/laravel/framework/src/Illuminate/Routing/ControllerDispatcher.php(44): Illuminate\Routing\Controller->callAction('index', Array)
#3 /var/www/html/web/laravelApi/vendor/laravel/framework/src/Illuminate/Routing/Route.php(189): Illuminate\Routing\ControllerDispatcher->dispatch(Object(Illuminate\Routing\Route), Object(App\Http\Controllers\ItemController), 'index')
#4 /var/www/html/web/laravelApi/vendor/laravel/framework/src/Illuminate/Routing/Route.php(144): Illuminate\Routing\Route->runController()
#5 /var/www/html/web/laravelApi/vendor/laravel/framework/src/Illuminate/Routing/Router.php(642): Illuminate\Routing\Route->run(Object(Illuminate\Http\Request))
#6 /var/www/html/web/laravelApi/vendor/laravel/framework/src/Illuminate/Routing/Pipeline.php(53): Illuminate\Routing\Router->Illuminate\Routing\{closure}(Object(Illuminate\Http\Request))
#7 /var/www/html/web/laravelApi/vendor/laravel/framework/src/Illuminate/Auth/Middleware/Authenticate.php(43): Illuminate\Routing\Pipeline->Illuminate\Routing\{closure}(Object(Illuminate\Http\Request))
#8 /var/www/html/web/laravelApi/vendor/laravel/framework/src/Illuminate/Pipeline/Pipeline.php(137): Illuminate\Auth\Middleware\Authenticate->handle(Object(Illuminate\Http\Request), Object(Closure), 'api')
#9 /var/www/html/web/laravelApi/vendor/laravel/framework/src/Illuminate/Routing/Pipeline.php(33): Illuminate\Pipeline\Pipeline->Illuminate\Pipeline\{closure}(Object(Illuminate\Http\Request))
#10 /var/www/html/web/laravelApi/vendor/laravel/framework/src/Illuminate/Routing/Middleware/SubstituteBindings.php(41): Illuminate\Routing\Pipeline->Illuminate\Routing\{closure}(Object(Illuminate\Http\Request))
#11 /var/www/html/web/laravelApi/vendor/laravel/framework/src/Illuminate/Pipeline/Pipeline.php(137): Illuminate\Routing\Middleware\SubstituteBindings->handle(Object(Illuminate\Http\Request), Object(Closure))
#12 /var/www/html/web/laravelApi/vendor/laravel/framework/src/Illuminate/Routing/Pipeline.php(33): Illuminate\Pipeline\Pipeline->Illuminate\Pipeline\{closure}(Object(Illuminate\Http\Request))
#13 /var/www/html/web/laravelApi/vendor/laravel/framework/src/Illuminate/Routing/Middleware/ThrottleRequests.php(49): Illuminate\Routing\Pipeline->Illuminate\Routing\{closure}(Object(Illuminate\Http\Request))
#14 /var/www/html/web/laravelApi/vendor/laravel/framework/src/Illuminate/Pipeline/Pipeline.php(137): Illuminate\Routing\Middleware\ThrottleRequests->handle(Object(Illuminate\Http\Request), Object(Closure), '60', '1')
#15 /var/www/html/web/laravelApi/vendor/laravel/framework/src/Illuminate/Routing/Pipeline.php(33): Illuminate\Pipeline\Pipeline->Illuminate\Pipeline\{closure}(Object(Illuminate\Http\Request))
#16 /var/www/html/web/laravelApi/vendor/laravel/framework/src/Illuminate/Pipeline/Pipeline.php(104): Illuminate\Routing\Pipeline->Illuminate\Routing\{closure}(Object(Illuminate\Http\Request))
#17 /var/www/html/web/laravelApi/vendor/laravel/framework/src/Illuminate/Routing/Router.php(644): Illuminate\Pipeline\Pipeline->then(Object(Closure))
#18 /var/www/html/web/laravelApi/vendor/laravel/framework/src/Illuminate/Routing/Router.php(618): Illuminate\Routing\Router->runRouteWithinStack(Object(Illuminate\Routing\Route), Object(Illuminate\Http\Request))
#19 /var/www/html/web/laravelApi/vendor/laravel/framework/src/Illuminate/Routing/Router.php(596): Illuminate\Routing\Router->dispatchToRoute(Object(Illuminate\Http\Request))
#20 /var/www/html/web/laravelApi/vendor/laravel/framework/src/Illuminate/Foundation/Http/Kernel.php(267): Illuminate\Routing\Router->dispatch(Object(Illuminate\Http\Request))
#21 /var/www/html/web/laravelApi/vendor/laravel/framework/src/Illuminate/Routing/Pipeline.php(53): Illuminate\Foundation\Http\Kernel->Illuminate\Foundation\Http\{closure}(Object(Illuminate\Http\Request))
#22 /var/www/html/web/laravelApi/vendor/laravel/framework/src/Illuminate/Foundation/Http/Middleware/CheckForMaintenanceMode.php(46): Illuminate\Routing\Pipeline->Illuminate\Routing\{closure}(Object(Illuminate\Http\Request))
#23 /var/www/html/web/laravelApi/vendor/laravel/framework/src/Illuminate/Pipeline/Pipeline.php(137): Illuminate\Foundation\Http\Middleware\CheckForMaintenanceMode->handle(Object(Illuminate\Http\Request), Object(Closure))
#24 /var/www/html/web/laravelApi/vendor/laravel/framework/src/Illuminate/Routing/Pipeline.php(33): Illuminate\Pipeline\Pipeline->Illuminate\Pipeline\{closure}(Object(Illuminate\Http\Request))
#25 /var/www/html/web/laravelApi/vendor/laravel/framework/src/Illuminate/Pipeline/Pipeline.php(104): Illuminate\Routing\Pipeline->Illuminate\Routing\{closure}(Object(Illuminate\Http\Request))
#26 /var/www/html/web/laravelApi/vendor/laravel/framework/src/Illuminate/Foundation/Http/Kernel.php(149): Illuminate\Pipeline\Pipeline->then(Object(Closure))
#27 /var/www/html/web/laravelApi/vendor/laravel/framework/src/Illuminate/Foundation/Http/Kernel.php(116): Illuminate\Foundation\Http\Kernel->sendRequestThroughRouter(Object(Illuminate\Http\Request))
#28 /var/www/html/web/laravelApi/public/index.php(53): Illuminate\Foundation\Http\Kernel->handle(Object(Illuminate\Http\Request))
#29 /var/www/html/web/laravelApi/server.php(21): require_once('/var/www/html/w...')
#30 {main}  
[2016-10-11 14:40:18] local.ERROR: Symfony\Component\Debug\Exception\FatalThrowableError: Parse error: syntax error, unexpected 'use' (T_USE), expecting ',' or ';' in /var/www/html/web/laravelApi/app/Http/Controllers/ItemController.php:8
Stack trace:
#0 /var/www/html/web/laravelApi/vendor/composer/ClassLoader.php(301): Composer\Autoload\includeFile('/var/www/html/w...')
#1 [internal function]: Composer\Autoload\ClassLoader->loadClass('App\\Http\\Contro...')
#2 [internal function]: spl_autoload_call('App\\Http\\Contro...')
#3 /var/www/html/web/laravelApi/vendor/laravel/framework/src/Illuminate/Container/Container.php(749): ReflectionClass->__construct('App\\Http\\Contro...')
#4 /var/www/html/web/laravelApi/vendor/laravel/framework/src/Illuminate/Container/Container.php(644): Illuminate\Container\Container->build('App\\Http\\Contro...', Array)
#5 /var/www/html/web/laravelApi/vendor/laravel/framework/src/Illuminate/Foundation/Application.php(709): Illuminate\Container\Container->make('App\\Http\\Contro...', Array)
#6 /var/www/html/web/laravelApi/vendor/laravel/framework/src/Illuminate/Routing/Route.php(203): Illuminate\Foundation\Application->make('App\\Http\\Contro...')
#7 /var/www/html/web/laravelApi/vendor/laravel/framework/src/Illuminate/Routing/Route.php(316): Illuminate\Routing\Route->getController()
#8 /var/www/html/web/laravelApi/vendor/laravel/framework/src/Illuminate/Routing/Route.php(278): Illuminate\Routing\Route->controllerMiddleware()
#9 /var/www/html/web/laravelApi/vendor/laravel/framework/src/Illuminate/Routing/Router.php(655): Illuminate\Routing\Route->gatherMiddleware()
#10 /var/www/html/web/laravelApi/vendor/laravel/framework/src/Illuminate/Routing/Router.php(635): Illuminate\Routing\Router->gatherRouteMiddleware(Object(Illuminate\Routing\Route))
#11 /var/www/html/web/laravelApi/vendor/laravel/framework/src/Illuminate/Routing/Router.php(618): Illuminate\Routing\Router->runRouteWithinStack(Object(Illuminate\Routing\Route), Object(Illuminate\Http\Request))
#12 /var/www/html/web/laravelApi/vendor/laravel/framework/src/Illuminate/Routing/Router.php(596): Illuminate\Routing\Router->dispatchToRoute(Object(Illuminate\Http\Request))
#13 /var/www/html/web/laravelApi/vendor/laravel/framework/src/Illuminate/Foundation/Http/Kernel.php(267): Illuminate\Routing\Router->dispatch(Object(Illuminate\Http\Request))
#14 /var/www/html/web/laravelApi/vendor/laravel/framework/src/Illuminate/Routing/Pipeline.php(53): Illuminate\Foundation\Http\Kernel->Illuminate\Foundation\Http\{closure}(Object(Illuminate\Http\Request))
#15 /var/www/html/web/laravelApi/vendor/laravel/framework/src/Illuminate/Foundation/Http/Middleware/CheckForMaintenanceMode.php(46): Illuminate\Routing\Pipeline->Illuminate\Routing\{closure}(Object(Illuminate\Http\Request))
#16 /var/www/html/web/laravelApi/vendor/laravel/framework/src/Illuminate/Pipeline/Pipeline.php(137): Illuminate\Foundation\Http\Middleware\CheckForMaintenanceMode->handle(Object(Illuminate\Http\Request), Object(Closure))
#17 /var/www/html/web/laravelApi/vendor/laravel/framework/src/Illuminate/Routing/Pipeline.php(33): Illuminate\Pipeline\Pipeline->Illuminate\Pipeline\{closure}(Object(Illuminate\Http\Request))
#18 /var/www/html/web/laravelApi/vendor/laravel/framework/src/Illuminate/Pipeline/Pipeline.php(104): Illuminate\Routing\Pipeline->Illuminate\Routing\{closure}(Object(Illuminate\Http\Request))
#19 /var/www/html/web/laravelApi/vendor/laravel/framework/src/Illuminate/Foundation/Http/Kernel.php(149): Illuminate\Pipeline\Pipeline->then(Object(Closure))
#20 /var/www/html/web/laravelApi/vendor/laravel/framework/src/Illuminate/Foundation/Http/Kernel.php(116): Illuminate\Foundation\Http\Kernel->sendRequestThroughRouter(Object(Illuminate\Http\Request))
#21 /var/www/html/web/laravelApi/public/index.php(53): Illuminate\Foundation\Http\Kernel->handle(Object(Illuminate\Http\Request))
#22 /var/www/html/web/laravelApi/server.php(21): require_once('/var/www/html/w...')
#23 {main}  
[2016-10-11 14:40:18] local.ERROR: Symfony\Component\Debug\Exception\FatalThrowableError: Parse error: syntax error, unexpected use (T_USE), expecting ',' or ';' in /var/www/html/web/laravelApi/app/Http/Controllers/ItemController.php:8
Stack trace:
#0 /var/www/html/web/laravelApi/vendor/composer/ClassLoader.php(301): Composer\Autoload\includeFile('/var/www/html/w...')
#1 [internal function]: Composer\Autoload\ClassLoader->loadClass('App\\Http\\Contro...')
#2 [internal function]: spl_autoload_call('App\\Http\\Contro...')
#3 /var/www/html/web/laravelApi/vendor/laravel/framework/src/Illuminate/Container/Container.php(749): ReflectionClass->__construct('App\\Http\\Contro...')
#4 /var/www/html/web/laravelApi/vendor/laravel/framework/src/Illuminate/Container/Container.php(644): Illuminate\Container\Container->build('App\\Http\\Contro...', Array)
#5 /var/www/html/web/laravelApi/vendor/laravel/framework/src/Illuminate/Foundation/Application.php(709): Illuminate\Container\Container->make('App\\Http\\Contro...', Array)
#6 /var/www/html/web/laravelApi/vendor/laravel/framework/src/Illuminate/Routing/Route.php(203): Illuminate\Foundation\Application->make('App\\Http\\Contro...')
#7 /var/www/html/web/laravelApi/vendor/laravel/framework/src/Illuminate/Routing/Route.php(316): Illuminate\Routing\Route->getController()
#8 /var/www/html/web/laravelApi/vendor/laravel/framework/src/Illuminate/Routing/Route.php(278): Illuminate\Routing\Route->controllerMiddleware()
#9 /var/www/html/web/laravelApi/vendor/laravel/framework/src/Illuminate/Routing/Router.php(655): Illuminate\Routing\Route->gatherMiddleware()
#10 /var/www/html/web/laravelApi/vendor/laravel/framework/src/Illuminate/Foundation/Http/Kernel.php(192): Illuminate\Routing\Router->gatherRouteMiddleware(Object(Illuminate\Routing\Route))
#11 /var/www/html/web/laravelApi/vendor/laravel/framework/src/Illuminate/Foundation/Http/Kernel.php(162): Illuminate\Foundation\Http\Kernel->gatherRouteMiddleware(Object(Illuminate\Http\Request))
#12 /var/www/html/web/laravelApi/public/index.php(58): Illuminate\Foundation\Http\Kernel->terminate(Object(Illuminate\Http\Request), Object(Illuminate\Http\Response))
#13 /var/www/html/web/laravelApi/server.php(21): require_once('/var/www/html/w...')
#14 {main}  
[2016-10-11 15:11:37] local.ERROR: ParseError: syntax error, unexpected 'if' (T_IF) in /var/www/html/web/laravelApi/app/Repositories/ItemRepository.php:62
Stack trace:
#0 /var/www/html/web/laravelApi/vendor/composer/ClassLoader.php(301): Composer\Autoload\includeFile('/var/www/html/w...')
#1 [internal function]: Composer\Autoload\ClassLoader->loadClass('App\\Repositorie...')
#2 [internal function]: spl_autoload_call('App\\Repositorie...')
#3 /var/www/html/web/laravelApi/vendor/laravel/framework/src/Illuminate/Container/Container.php(809): ReflectionParameter->getClass()
#4 /var/www/html/web/laravelApi/vendor/laravel/framework/src/Illuminate/Container/Container.php(788): Illuminate\Container\Container->getDependencies(Array, Array)
#5 /var/www/html/web/laravelApi/vendor/laravel/framework/src/Illuminate/Container/Container.php(644): Illuminate\Container\Container->build('App\\Http\\Contro...', Array)
#6 /var/www/html/web/laravelApi/vendor/laravel/framework/src/Illuminate/Foundation/Application.php(709): Illuminate\Container\Container->make('App\\Http\\Contro...', Array)
#7 /var/www/html/web/laravelApi/vendor/laravel/framework/src/Illuminate/Routing/Route.php(203): Illuminate\Foundation\Application->make('App\\Http\\Contro...')
#8 /var/www/html/web/laravelApi/vendor/laravel/framework/src/Illuminate/Routing/Route.php(316): Illuminate\Routing\Route->getController()
#9 /var/www/html/web/laravelApi/vendor/laravel/framework/src/Illuminate/Routing/Route.php(278): Illuminate\Routing\Route->controllerMiddleware()
#10 /var/www/html/web/laravelApi/vendor/laravel/framework/src/Illuminate/Routing/Router.php(655): Illuminate\Routing\Route->gatherMiddleware()
#11 /var/www/html/web/laravelApi/vendor/laravel/framework/src/Illuminate/Routing/Router.php(635): Illuminate\Routing\Router->gatherRouteMiddleware(Object(Illuminate\Routing\Route))
#12 /var/www/html/web/laravelApi/vendor/laravel/framework/src/Illuminate/Routing/Router.php(618): Illuminate\Routing\Router->runRouteWithinStack(Object(Illuminate\Routing\Route), Object(Illuminate\Http\Request))
#13 /var/www/html/web/laravelApi/vendor/laravel/framework/src/Illuminate/Routing/Router.php(596): Illuminate\Routing\Router->dispatchToRoute(Object(Illuminate\Http\Request))
#14 /var/www/html/web/laravelApi/vendor/laravel/framework/src/Illuminate/Foundation/Http/Kernel.php(267): Illuminate\Routing\Router->dispatch(Object(Illuminate\Http\Request))
#15 /var/www/html/web/laravelApi/vendor/laravel/framework/src/Illuminate/Routing/Pipeline.php(53): Illuminate\Foundation\Http\Kernel->Illuminate\Foundation\Http\{closure}(Object(Illuminate\Http\Request))
#16 /var/www/html/web/laravelApi/vendor/laravel/framework/src/Illuminate/Foundation/Http/Middleware/CheckForMaintenanceMode.php(46): Illuminate\Routing\Pipeline->Illuminate\Routing\{closure}(Object(Illuminate\Http\Request))
#17 /var/www/html/web/laravelApi/vendor/laravel/framework/src/Illuminate/Pipeline/Pipeline.php(137): Illuminate\Foundation\Http\Middleware\CheckForMaintenanceMode->handle(Object(Illuminate\Http\Request), Object(Closure))
#18 /var/www/html/web/laravelApi/vendor/laravel/framework/src/Illuminate/Routing/Pipeline.php(33): Illuminate\Pipeline\Pipeline->Illuminate\Pipeline\{closure}(Object(Illuminate\Http\Request))
#19 /var/www/html/web/laravelApi/vendor/laravel/framework/src/Illuminate/Pipeline/Pipeline.php(104): Illuminate\Routing\Pipeline->Illuminate\Routing\{closure}(Object(Illuminate\Http\Request))
#20 /var/www/html/web/laravelApi/vendor/laravel/framework/src/Illuminate/Foundation/Http/Kernel.php(149): Illuminate\Pipeline\Pipeline->then(Object(Closure))
#21 /var/www/html/web/laravelApi/vendor/laravel/framework/src/Illuminate/Foundation/Http/Kernel.php(116): Illuminate\Foundation\Http\Kernel->sendRequestThroughRouter(Object(Illuminate\Http\Request))
#22 /var/www/html/web/laravelApi/public/index.php(53): Illuminate\Foundation\Http\Kernel->handle(Object(Illuminate\Http\Request))
#23 /var/www/html/web/laravelApi/server.php(21): require_once('/var/www/html/w...')
#24 {main}

Next ReflectionException: Class App\Repositories\ItemRepository does not exist in /var/www/html/web/laravelApi/vendor/laravel/framework/src/Illuminate/Container/Container.php:809
Stack trace:
#0 /var/www/html/web/laravelApi/vendor/laravel/framework/src/Illuminate/Container/Container.php(809): ReflectionParameter->getClass()
#1 /var/www/html/web/laravelApi/vendor/laravel/framework/src/Illuminate/Container/Container.php(788): Illuminate\Container\Container->getDependencies(Array, Array)
#2 /var/www/html/web/laravelApi/vendor/laravel/framework/src/Illuminate/Container/Container.php(644): Illuminate\Container\Container->build('App\\Http\\Contro...', Array)
#3 /var/www/html/web/laravelApi/vendor/laravel/framework/src/Illuminate/Foundation/Application.php(709): Illuminate\Container\Container->make('App\\Http\\Contro...', Array)
#4 /var/www/html/web/laravelApi/vendor/laravel/framework/src/Illuminate/Routing/Route.php(203): Illuminate\Foundation\Application->make('App\\Http\\Contro...')
#5 /var/www/html/web/laravelApi/vendor/laravel/framework/src/Illuminate/Routing/Route.php(316): Illuminate\Routing\Route->getController()
#6 /var/www/html/web/laravelApi/vendor/laravel/framework/src/Illuminate/Routing/Route.php(278): Illuminate\Routing\Route->controllerMiddleware()
#7 /var/www/html/web/laravelApi/vendor/laravel/framework/src/Illuminate/Routing/Router.php(655): Illuminate\Routing\Route->gatherMiddleware()
#8 /var/www/html/web/laravelApi/vendor/laravel/framework/src/Illuminate/Routing/Router.php(635): Illuminate\Routing\Router->gatherRouteMiddleware(Object(Illuminate\Routing\Route))
#9 /var/www/html/web/laravelApi/vendor/laravel/framework/src/Illuminate/Routing/Router.php(618): Illuminate\Routing\Router->runRouteWithinStack(Object(Illuminate\Routing\Route), Object(Illuminate\Http\Request))
#10 /var/www/html/web/laravelApi/vendor/laravel/framework/src/Illuminate/Routing/Router.php(596): Illuminate\Routing\Router->dispatchToRoute(Object(Illuminate\Http\Request))
#11 /var/www/html/web/laravelApi/vendor/laravel/framework/src/Illuminate/Foundation/Http/Kernel.php(267): Illuminate\Routing\Router->dispatch(Object(Illuminate\Http\Request))
#12 /var/www/html/web/laravelApi/vendor/laravel/framework/src/Illuminate/Routing/Pipeline.php(53): Illuminate\Foundation\Http\Kernel->Illuminate\Foundation\Http\{closure}(Object(Illuminate\Http\Request))
#13 /var/www/html/web/laravelApi/vendor/laravel/framework/src/Illuminate/Foundation/Http/Middleware/CheckForMaintenanceMode.php(46): Illuminate\Routing\Pipeline->Illuminate\Routing\{closure}(Object(Illuminate\Http\Request))
#14 /var/www/html/web/laravelApi/vendor/laravel/framework/src/Illuminate/Pipeline/Pipeline.php(137): Illuminate\Foundation\Http\Middleware\CheckForMaintenanceMode->handle(Object(Illuminate\Http\Request), Object(Closure))
#15 /var/www/html/web/laravelApi/vendor/laravel/framework/src/Illuminate/Routing/Pipeline.php(33): Illuminate\Pipeline\Pipeline->Illuminate\Pipeline\{closure}(Object(Illuminate\Http\Request))
#16 /var/www/html/web/laravelApi/vendor/laravel/framework/src/Illuminate/Pipeline/Pipeline.php(104): Illuminate\Routing\Pipeline->Illuminate\Routing\{closure}(Object(Illuminate\Http\Request))
#17 /var/www/html/web/laravelApi/vendor/laravel/framework/src/Illuminate/Foundation/Http/Kernel.php(149): Illuminate\Pipeline\Pipeline->then(Object(Closure))
#18 /var/www/html/web/laravelApi/vendor/laravel/framework/src/Illuminate/Foundation/Http/Kernel.php(116): Illuminate\Foundation\Http\Kernel->sendRequestThroughRouter(Object(Illuminate\Http\Request))
#19 /var/www/html/web/laravelApi/public/index.php(53): Illuminate\Foundation\Http\Kernel->handle(Object(Illuminate\Http\Request))
#20 /var/www/html/web/laravelApi/server.php(21): require_once('/var/www/html/w...')
#21 {main}  
[2016-10-11 15:11:37] local.ERROR: ParseError: syntax error, unexpected if (T_IF) in /var/www/html/web/laravelApi/app/Repositories/ItemRepository.php:62
Stack trace:
#0 /var/www/html/web/laravelApi/vendor/composer/ClassLoader.php(301): Composer\Autoload\includeFile('/var/www/html/w...')
#1 [internal function]: Composer\Autoload\ClassLoader->loadClass('App\\Repositorie...')
#2 [internal function]: spl_autoload_call('App\\Repositorie...')
#3 /var/www/html/web/laravelApi/vendor/laravel/framework/src/Illuminate/Container/Container.php(809): ReflectionParameter->getClass()
#4 /var/www/html/web/laravelApi/vendor/laravel/framework/src/Illuminate/Container/Container.php(788): Illuminate\Container\Container->getDependencies(Array, Array)
#5 /var/www/html/web/laravelApi/vendor/laravel/framework/src/Illuminate/Container/Container.php(644): Illuminate\Container\Container->build('App\\Http\\Contro...', Array)
#6 /var/www/html/web/laravelApi/vendor/laravel/framework/src/Illuminate/Foundation/Application.php(709): Illuminate\Container\Container->make('App\\Http\\Contro...', Array)
#7 /var/www/html/web/laravelApi/vendor/laravel/framework/src/Illuminate/Routing/Route.php(203): Illuminate\Foundation\Application->make('App\\Http\\Contro...')
#8 /var/www/html/web/laravelApi/vendor/laravel/framework/src/Illuminate/Routing/Route.php(316): Illuminate\Routing\Route->getController()
#9 /var/www/html/web/laravelApi/vendor/laravel/framework/src/Illuminate/Routing/Route.php(278): Illuminate\Routing\Route->controllerMiddleware()
#10 /var/www/html/web/laravelApi/vendor/laravel/framework/src/Illuminate/Routing/Router.php(655): Illuminate\Routing\Route->gatherMiddleware()
#11 /var/www/html/web/laravelApi/vendor/laravel/framework/src/Illuminate/Foundation/Http/Kernel.php(192): Illuminate\Routing\Router->gatherRouteMiddleware(Object(Illuminate\Routing\Route))
#12 /var/www/html/web/laravelApi/vendor/laravel/framework/src/Illuminate/Foundation/Http/Kernel.php(162): Illuminate\Foundation\Http\Kernel->gatherRouteMiddleware(Object(Illuminate\Http\Request))
#13 /var/www/html/web/laravelApi/public/index.php(58): Illuminate\Foundation\Http\Kernel->terminate(Object(Illuminate\Http\Request), Object(Illuminate\Http\Response))
#14 /var/www/html/web/laravelApi/server.php(21): require_once('/var/www/html/w...')
#15 {main}

Next ReflectionException: Class App\Repositories\ItemRepository does not exist in /var/www/html/web/laravelApi/vendor/laravel/framework/src/Illuminate/Container/Container.php:809
Stack trace:
#0 /var/www/html/web/laravelApi/vendor/laravel/framework/src/Illuminate/Container/Container.php(809): ReflectionParameter->getClass()
#1 /var/www/html/web/laravelApi/vendor/laravel/framework/src/Illuminate/Container/Container.php(788): Illuminate\Container\Container->getDependencies(Array, Array)
#2 /var/www/html/web/laravelApi/vendor/laravel/framework/src/Illuminate/Container/Container.php(644): Illuminate\Container\Container->build('App\\Http\\Contro...', Array)
#3 /var/www/html/web/laravelApi/vendor/laravel/framework/src/Illuminate/Foundation/Application.php(709): Illuminate\Container\Container->make('App\\Http\\Contro...', Array)
#4 /var/www/html/web/laravelApi/vendor/laravel/framework/src/Illuminate/Routing/Route.php(203): Illuminate\Foundation\Application->make('App\\Http\\Contro...')
#5 /var/www/html/web/laravelApi/vendor/laravel/framework/src/Illuminate/Routing/Route.php(316): Illuminate\Routing\Route->getController()
#6 /var/www/html/web/laravelApi/vendor/laravel/framework/src/Illuminate/Routing/Route.php(278): Illuminate\Routing\Route->controllerMiddleware()
#7 /var/www/html/web/laravelApi/vendor/laravel/framework/src/Illuminate/Routing/Router.php(655): Illuminate\Routing\Route->gatherMiddleware()
#8 /var/www/html/web/laravelApi/vendor/laravel/framework/src/Illuminate/Foundation/Http/Kernel.php(192): Illuminate\Routing\Router->gatherRouteMiddleware(Object(Illuminate\Routing\Route))
#9 /var/www/html/web/laravelApi/vendor/laravel/framework/src/Illuminate/Foundation/Http/Kernel.php(162): Illuminate\Foundation\Http\Kernel->gatherRouteMiddleware(Object(Illuminate\Http\Request))
#10 /var/www/html/web/laravelApi/public/index.php(58): Illuminate\Foundation\Http\Kernel->terminate(Object(Illuminate\Http\Request), Object(Illuminate\Http\Response))
#11 /var/www/html/web/laravelApi/server.php(21): require_once('/var/www/html/w...')
#12 {main}  
[2016-10-11 15:11:55] local.ERROR: ParseError: syntax error, unexpected 'if' (T_IF) in /var/www/html/web/laravelApi/app/Repositories/ItemRepository.php:62
Stack trace:
#0 /var/www/html/web/laravelApi/vendor/composer/ClassLoader.php(301): Composer\Autoload\includeFile('/var/www/html/w...')
#1 [internal function]: Composer\Autoload\ClassLoader->loadClass('App\\Repositorie...')
#2 [internal function]: spl_autoload_call('App\\Repositorie...')
#3 /var/www/html/web/laravelApi/vendor/laravel/framework/src/Illuminate/Container/Container.php(809): ReflectionParameter->getClass()
#4 /var/www/html/web/laravelApi/vendor/laravel/framework/src/Illuminate/Container/Container.php(788): Illuminate\Container\Container->getDependencies(Array, Array)
#5 /var/www/html/web/laravelApi/vendor/laravel/framework/src/Illuminate/Container/Container.php(644): Illuminate\Container\Container->build('App\\Http\\Contro...', Array)
#6 /var/www/html/web/laravelApi/vendor/laravel/framework/src/Illuminate/Foundation/Application.php(709): Illuminate\Container\Container->make('App\\Http\\Contro...', Array)
#7 /var/www/html/web/laravelApi/vendor/laravel/framework/src/Illuminate/Routing/Route.php(203): Illuminate\Foundation\Application->make('App\\Http\\Contro...')
#8 /var/www/html/web/laravelApi/vendor/laravel/framework/src/Illuminate/Routing/Route.php(316): Illuminate\Routing\Route->getController()
#9 /var/www/html/web/laravelApi/vendor/laravel/framework/src/Illuminate/Routing/Route.php(278): Illuminate\Routing\Route->controllerMiddleware()
#10 /var/www/html/web/laravelApi/vendor/laravel/framework/src/Illuminate/Routing/Router.php(655): Illuminate\Routing\Route->gatherMiddleware()
#11 /var/www/html/web/laravelApi/vendor/laravel/framework/src/Illuminate/Routing/Router.php(635): Illuminate\Routing\Router->gatherRouteMiddleware(Object(Illuminate\Routing\Route))
#12 /var/www/html/web/laravelApi/vendor/laravel/framework/src/Illuminate/Routing/Router.php(618): Illuminate\Routing\Router->runRouteWithinStack(Object(Illuminate\Routing\Route), Object(Illuminate\Http\Request))
#13 /var/www/html/web/laravelApi/vendor/laravel/framework/src/Illuminate/Routing/Router.php(596): Illuminate\Routing\Router->dispatchToRoute(Object(Illuminate\Http\Request))
#14 /var/www/html/web/laravelApi/vendor/laravel/framework/src/Illuminate/Foundation/Http/Kernel.php(267): Illuminate\Routing\Router->dispatch(Object(Illuminate\Http\Request))
#15 /var/www/html/web/laravelApi/vendor/laravel/framework/src/Illuminate/Routing/Pipeline.php(53): Illuminate\Foundation\Http\Kernel->Illuminate\Foundation\Http\{closure}(Object(Illuminate\Http\Request))
#16 /var/www/html/web/laravelApi/vendor/laravel/framework/src/Illuminate/Foundation/Http/Middleware/CheckForMaintenanceMode.php(46): Illuminate\Routing\Pipeline->Illuminate\Routing\{closure}(Object(Illuminate\Http\Request))
#17 /var/www/html/web/laravelApi/vendor/laravel/framework/src/Illuminate/Pipeline/Pipeline.php(137): Illuminate\Foundation\Http\Middleware\CheckForMaintenanceMode->handle(Object(Illuminate\Http\Request), Object(Closure))
#18 /var/www/html/web/laravelApi/vendor/laravel/framework/src/Illuminate/Routing/Pipeline.php(33): Illuminate\Pipeline\Pipeline->Illuminate\Pipeline\{closure}(Object(Illuminate\Http\Request))
#19 /var/www/html/web/laravelApi/vendor/laravel/framework/src/Illuminate/Pipeline/Pipeline.php(104): Illuminate\Routing\Pipeline->Illuminate\Routing\{closure}(Object(Illuminate\Http\Request))
#20 /var/www/html/web/laravelApi/vendor/laravel/framework/src/Illuminate/Foundation/Http/Kernel.php(149): Illuminate\Pipeline\Pipeline->then(Object(Closure))
#21 /var/www/html/web/laravelApi/vendor/laravel/framework/src/Illuminate/Foundation/Http/Kernel.php(116): Illuminate\Foundation\Http\Kernel->sendRequestThroughRouter(Object(Illuminate\Http\Request))
#22 /var/www/html/web/laravelApi/public/index.php(53): Illuminate\Foundation\Http\Kernel->handle(Object(Illuminate\Http\Request))
#23 /var/www/html/web/laravelApi/server.php(21): require_once('/var/www/html/w...')
#24 {main}

Next ReflectionException: Class App\Repositories\ItemRepository does not exist in /var/www/html/web/laravelApi/vendor/laravel/framework/src/Illuminate/Container/Container.php:809
Stack trace:
#0 /var/www/html/web/laravelApi/vendor/laravel/framework/src/Illuminate/Container/Container.php(809): ReflectionParameter->getClass()
#1 /var/www/html/web/laravelApi/vendor/laravel/framework/src/Illuminate/Container/Container.php(788): Illuminate\Container\Container->getDependencies(Array, Array)
#2 /var/www/html/web/laravelApi/vendor/laravel/framework/src/Illuminate/Container/Container.php(644): Illuminate\Container\Container->build('App\\Http\\Contro...', Array)
#3 /var/www/html/web/laravelApi/vendor/laravel/framework/src/Illuminate/Foundation/Application.php(709): Illuminate\Container\Container->make('App\\Http\\Contro...', Array)
#4 /var/www/html/web/laravelApi/vendor/laravel/framework/src/Illuminate/Routing/Route.php(203): Illuminate\Foundation\Application->make('App\\Http\\Contro...')
#5 /var/www/html/web/laravelApi/vendor/laravel/framework/src/Illuminate/Routing/Route.php(316): Illuminate\Routing\Route->getController()
#6 /var/www/html/web/laravelApi/vendor/laravel/framework/src/Illuminate/Routing/Route.php(278): Illuminate\Routing\Route->controllerMiddleware()
#7 /var/www/html/web/laravelApi/vendor/laravel/framework/src/Illuminate/Routing/Router.php(655): Illuminate\Routing\Route->gatherMiddleware()
#8 /var/www/html/web/laravelApi/vendor/laravel/framework/src/Illuminate/Routing/Router.php(635): Illuminate\Routing\Router->gatherRouteMiddleware(Object(Illuminate\Routing\Route))
#9 /var/www/html/web/laravelApi/vendor/laravel/framework/src/Illuminate/Routing/Router.php(618): Illuminate\Routing\Router->runRouteWithinStack(Object(Illuminate\Routing\Route), Object(Illuminate\Http\Request))
#10 /var/www/html/web/laravelApi/vendor/laravel/framework/src/Illuminate/Routing/Router.php(596): Illuminate\Routing\Router->dispatchToRoute(Object(Illuminate\Http\Request))
#11 /var/www/html/web/laravelApi/vendor/laravel/framework/src/Illuminate/Foundation/Http/Kernel.php(267): Illuminate\Routing\Router->dispatch(Object(Illuminate\Http\Request))
#12 /var/www/html/web/laravelApi/vendor/laravel/framework/src/Illuminate/Routing/Pipeline.php(53): Illuminate\Foundation\Http\Kernel->Illuminate\Foundation\Http\{closure}(Object(Illuminate\Http\Request))
#13 /var/www/html/web/laravelApi/vendor/laravel/framework/src/Illuminate/Foundation/Http/Middleware/CheckForMaintenanceMode.php(46): Illuminate\Routing\Pipeline->Illuminate\Routing\{closure}(Object(Illuminate\Http\Request))
#14 /var/www/html/web/laravelApi/vendor/laravel/framework/src/Illuminate/Pipeline/Pipeline.php(137): Illuminate\Foundation\Http\Middleware\CheckForMaintenanceMode->handle(Object(Illuminate\Http\Request), Object(Closure))
#15 /var/www/html/web/laravelApi/vendor/laravel/framework/src/Illuminate/Routing/Pipeline.php(33): Illuminate\Pipeline\Pipeline->Illuminate\Pipeline\{closure}(Object(Illuminate\Http\Request))
#16 /var/www/html/web/laravelApi/vendor/laravel/framework/src/Illuminate/Pipeline/Pipeline.php(104): Illuminate\Routing\Pipeline->Illuminate\Routing\{closure}(Object(Illuminate\Http\Request))
#17 /var/www/html/web/laravelApi/vendor/laravel/framework/src/Illuminate/Foundation/Http/Kernel.php(149): Illuminate\Pipeline\Pipeline->then(Object(Closure))
#18 /var/www/html/web/laravelApi/vendor/laravel/framework/src/Illuminate/Foundation/Http/Kernel.php(116): Illuminate\Foundation\Http\Kernel->sendRequestThroughRouter(Object(Illuminate\Http\Request))
#19 /var/www/html/web/laravelApi/public/index.php(53): Illuminate\Foundation\Http\Kernel->handle(Object(Illuminate\Http\Request))
#20 /var/www/html/web/laravelApi/server.php(21): require_once('/var/www/html/w...')
#21 {main}  
[2016-10-11 15:11:55] local.ERROR: ParseError: syntax error, unexpected if (T_IF) in /var/www/html/web/laravelApi/app/Repositories/ItemRepository.php:62
Stack trace:
#0 /var/www/html/web/laravelApi/vendor/composer/ClassLoader.php(301): Composer\Autoload\includeFile('/var/www/html/w...')
#1 [internal function]: Composer\Autoload\ClassLoader->loadClass('App\\Repositorie...')
#2 [internal function]: spl_autoload_call('App\\Repositorie...')
#3 /var/www/html/web/laravelApi/vendor/laravel/framework/src/Illuminate/Container/Container.php(809): ReflectionParameter->getClass()
#4 /var/www/html/web/laravelApi/vendor/laravel/framework/src/Illuminate/Container/Container.php(788): Illuminate\Container\Container->getDependencies(Array, Array)
#5 /var/www/html/web/laravelApi/vendor/laravel/framework/src/Illuminate/Container/Container.php(644): Illuminate\Container\Container->build('App\\Http\\Contro...', Array)
#6 /var/www/html/web/laravelApi/vendor/laravel/framework/src/Illuminate/Foundation/Application.php(709): Illuminate\Container\Container->make('App\\Http\\Contro...', Array)
#7 /var/www/html/web/laravelApi/vendor/laravel/framework/src/Illuminate/Routing/Route.php(203): Illuminate\Foundation\Application->make('App\\Http\\Contro...')
#8 /var/www/html/web/laravelApi/vendor/laravel/framework/src/Illuminate/Routing/Route.php(316): Illuminate\Routing\Route->getController()
#9 /var/www/html/web/laravelApi/vendor/laravel/framework/src/Illuminate/Routing/Route.php(278): Illuminate\Routing\Route->controllerMiddleware()
#10 /var/www/html/web/laravelApi/vendor/laravel/framework/src/Illuminate/Routing/Router.php(655): Illuminate\Routing\Route->gatherMiddleware()
#11 /var/www/html/web/laravelApi/vendor/laravel/framework/src/Illuminate/Foundation/Http/Kernel.php(192): Illuminate\Routing\Router->gatherRouteMiddleware(Object(Illuminate\Routing\Route))
#12 /var/www/html/web/laravelApi/vendor/laravel/framework/src/Illuminate/Foundation/Http/Kernel.php(162): Illuminate\Foundation\Http\Kernel->gatherRouteMiddleware(Object(Illuminate\Http\Request))
#13 /var/www/html/web/laravelApi/public/index.php(58): Illuminate\Foundation\Http\Kernel->terminate(Object(Illuminate\Http\Request), Object(Illuminate\Http\Response))
#14 /var/www/html/web/laravelApi/server.php(21): require_once('/var/www/html/w...')
#15 {main}

Next ReflectionException: Class App\Repositories\ItemRepository does not exist in /var/www/html/web/laravelApi/vendor/laravel/framework/src/Illuminate/Container/Container.php:809
Stack trace:
#0 /var/www/html/web/laravelApi/vendor/laravel/framework/src/Illuminate/Container/Container.php(809): ReflectionParameter->getClass()
#1 /var/www/html/web/laravelApi/vendor/laravel/framework/src/Illuminate/Container/Container.php(788): Illuminate\Container\Container->getDependencies(Array, Array)
#2 /var/www/html/web/laravelApi/vendor/laravel/framework/src/Illuminate/Container/Container.php(644): Illuminate\Container\Container->build('App\\Http\\Contro...', Array)
#3 /var/www/html/web/laravelApi/vendor/laravel/framework/src/Illuminate/Foundation/Application.php(709): Illuminate\Container\Container->make('App\\Http\\Contro...', Array)
#4 /var/www/html/web/laravelApi/vendor/laravel/framework/src/Illuminate/Routing/Route.php(203): Illuminate\Foundation\Application->make('App\\Http\\Contro...')
#5 /var/www/html/web/laravelApi/vendor/laravel/framework/src/Illuminate/Routing/Route.php(316): Illuminate\Routing\Route->getController()
#6 /var/www/html/web/laravelApi/vendor/laravel/framework/src/Illuminate/Routing/Route.php(278): Illuminate\Routing\Route->controllerMiddleware()
#7 /var/www/html/web/laravelApi/vendor/laravel/framework/src/Illuminate/Routing/Router.php(655): Illuminate\Routing\Route->gatherMiddleware()
#8 /var/www/html/web/laravelApi/vendor/laravel/framework/src/Illuminate/Foundation/Http/Kernel.php(192): Illuminate\Routing\Router->gatherRouteMiddleware(Object(Illuminate\Routing\Route))
#9 /var/www/html/web/laravelApi/vendor/laravel/framework/src/Illuminate/Foundation/Http/Kernel.php(162): Illuminate\Foundation\Http\Kernel->gatherRouteMiddleware(Object(Illuminate\Http\Request))
#10 /var/www/html/web/laravelApi/public/index.php(58): Illuminate\Foundation\Http\Kernel->terminate(Object(Illuminate\Http\Request), Object(Illuminate\Http\Response))
#11 /var/www/html/web/laravelApi/server.php(21): require_once('/var/www/html/w...')
#12 {main}  
[2016-10-11 15:11:56] local.ERROR: ParseError: syntax error, unexpected 'if' (T_IF) in /var/www/html/web/laravelApi/app/Repositories/ItemRepository.php:62
Stack trace:
#0 /var/www/html/web/laravelApi/vendor/composer/ClassLoader.php(301): Composer\Autoload\includeFile('/var/www/html/w...')
#1 [internal function]: Composer\Autoload\ClassLoader->loadClass('App\\Repositorie...')
#2 [internal function]: spl_autoload_call('App\\Repositorie...')
#3 /var/www/html/web/laravelApi/vendor/laravel/framework/src/Illuminate/Container/Container.php(809): ReflectionParameter->getClass()
#4 /var/www/html/web/laravelApi/vendor/laravel/framework/src/Illuminate/Container/Container.php(788): Illuminate\Container\Container->getDependencies(Array, Array)
#5 /var/www/html/web/laravelApi/vendor/laravel/framework/src/Illuminate/Container/Container.php(644): Illuminate\Container\Container->build('App\\Http\\Contro...', Array)
#6 /var/www/html/web/laravelApi/vendor/laravel/framework/src/Illuminate/Foundation/Application.php(709): Illuminate\Container\Container->make('App\\Http\\Contro...', Array)
#7 /var/www/html/web/laravelApi/vendor/laravel/framework/src/Illuminate/Routing/Route.php(203): Illuminate\Foundation\Application->make('App\\Http\\Contro...')
#8 /var/www/html/web/laravelApi/vendor/laravel/framework/src/Illuminate/Routing/Route.php(316): Illuminate\Routing\Route->getController()
#9 /var/www/html/web/laravelApi/vendor/laravel/framework/src/Illuminate/Routing/Route.php(278): Illuminate\Routing\Route->controllerMiddleware()
#10 /var/www/html/web/laravelApi/vendor/laravel/framework/src/Illuminate/Routing/Router.php(655): Illuminate\Routing\Route->gatherMiddleware()
#11 /var/www/html/web/laravelApi/vendor/laravel/framework/src/Illuminate/Routing/Router.php(635): Illuminate\Routing\Router->gatherRouteMiddleware(Object(Illuminate\Routing\Route))
#12 /var/www/html/web/laravelApi/vendor/laravel/framework/src/Illuminate/Routing/Router.php(618): Illuminate\Routing\Router->runRouteWithinStack(Object(Illuminate\Routing\Route), Object(Illuminate\Http\Request))
#13 /var/www/html/web/laravelApi/vendor/laravel/framework/src/Illuminate/Routing/Router.php(596): Illuminate\Routing\Router->dispatchToRoute(Object(Illuminate\Http\Request))
#14 /var/www/html/web/laravelApi/vendor/laravel/framework/src/Illuminate/Foundation/Http/Kernel.php(267): Illuminate\Routing\Router->dispatch(Object(Illuminate\Http\Request))
#15 /var/www/html/web/laravelApi/vendor/laravel/framework/src/Illuminate/Routing/Pipeline.php(53): Illuminate\Foundation\Http\Kernel->Illuminate\Foundation\Http\{closure}(Object(Illuminate\Http\Request))
#16 /var/www/html/web/laravelApi/vendor/laravel/framework/src/Illuminate/Foundation/Http/Middleware/CheckForMaintenanceMode.php(46): Illuminate\Routing\Pipeline->Illuminate\Routing\{closure}(Object(Illuminate\Http\Request))
#17 /var/www/html/web/laravelApi/vendor/laravel/framework/src/Illuminate/Pipeline/Pipeline.php(137): Illuminate\Foundation\Http\Middleware\CheckForMaintenanceMode->handle(Object(Illuminate\Http\Request), Object(Closure))
#18 /var/www/html/web/laravelApi/vendor/laravel/framework/src/Illuminate/Routing/Pipeline.php(33): Illuminate\Pipeline\Pipeline->Illuminate\Pipeline\{closure}(Object(Illuminate\Http\Request))
#19 /var/www/html/web/laravelApi/vendor/laravel/framework/src/Illuminate/Pipeline/Pipeline.php(104): Illuminate\Routing\Pipeline->Illuminate\Routing\{closure}(Object(Illuminate\Http\Request))
#20 /var/www/html/web/laravelApi/vendor/laravel/framework/src/Illuminate/Foundation/Http/Kernel.php(149): Illuminate\Pipeline\Pipeline->then(Object(Closure))
#21 /var/www/html/web/laravelApi/vendor/laravel/framework/src/Illuminate/Foundation/Http/Kernel.php(116): Illuminate\Foundation\Http\Kernel->sendRequestThroughRouter(Object(Illuminate\Http\Request))
#22 /var/www/html/web/laravelApi/public/index.php(53): Illuminate\Foundation\Http\Kernel->handle(Object(Illuminate\Http\Request))
#23 /var/www/html/web/laravelApi/server.php(21): require_once('/var/www/html/w...')
#24 {main}

Next ReflectionException: Class App\Repositories\ItemRepository does not exist in /var/www/html/web/laravelApi/vendor/laravel/framework/src/Illuminate/Container/Container.php:809
Stack trace:
#0 /var/www/html/web/laravelApi/vendor/laravel/framework/src/Illuminate/Container/Container.php(809): ReflectionParameter->getClass()
#1 /var/www/html/web/laravelApi/vendor/laravel/framework/src/Illuminate/Container/Container.php(788): Illuminate\Container\Container->getDependencies(Array, Array)
#2 /var/www/html/web/laravelApi/vendor/laravel/framework/src/Illuminate/Container/Container.php(644): Illuminate\Container\Container->build('App\\Http\\Contro...', Array)
#3 /var/www/html/web/laravelApi/vendor/laravel/framework/src/Illuminate/Foundation/Application.php(709): Illuminate\Container\Container->make('App\\Http\\Contro...', Array)
#4 /var/www/html/web/laravelApi/vendor/laravel/framework/src/Illuminate/Routing/Route.php(203): Illuminate\Foundation\Application->make('App\\Http\\Contro...')
#5 /var/www/html/web/laravelApi/vendor/laravel/framework/src/Illuminate/Routing/Route.php(316): Illuminate\Routing\Route->getController()
#6 /var/www/html/web/laravelApi/vendor/laravel/framework/src/Illuminate/Routing/Route.php(278): Illuminate\Routing\Route->controllerMiddleware()
#7 /var/www/html/web/laravelApi/vendor/laravel/framework/src/Illuminate/Routing/Router.php(655): Illuminate\Routing\Route->gatherMiddleware()
#8 /var/www/html/web/laravelApi/vendor/laravel/framework/src/Illuminate/Routing/Router.php(635): Illuminate\Routing\Router->gatherRouteMiddleware(Object(Illuminate\Routing\Route))
#9 /var/www/html/web/laravelApi/vendor/laravel/framework/src/Illuminate/Routing/Router.php(618): Illuminate\Routing\Router->runRouteWithinStack(Object(Illuminate\Routing\Route), Object(Illuminate\Http\Request))
#10 /var/www/html/web/laravelApi/vendor/laravel/framework/src/Illuminate/Routing/Router.php(596): Illuminate\Routing\Router->dispatchToRoute(Object(Illuminate\Http\Request))
#11 /var/www/html/web/laravelApi/vendor/laravel/framework/src/Illuminate/Foundation/Http/Kernel.php(267): Illuminate\Routing\Router->dispatch(Object(Illuminate\Http\Request))
#12 /var/www/html/web/laravelApi/vendor/laravel/framework/src/Illuminate/Routing/Pipeline.php(53): Illuminate\Foundation\Http\Kernel->Illuminate\Foundation\Http\{closure}(Object(Illuminate\Http\Request))
#13 /var/www/html/web/laravelApi/vendor/laravel/framework/src/Illuminate/Foundation/Http/Middleware/CheckForMaintenanceMode.php(46): Illuminate\Routing\Pipeline->Illuminate\Routing\{closure}(Object(Illuminate\Http\Request))
#14 /var/www/html/web/laravelApi/vendor/laravel/framework/src/Illuminate/Pipeline/Pipeline.php(137): Illuminate\Foundation\Http\Middleware\CheckForMaintenanceMode->handle(Object(Illuminate\Http\Request), Object(Closure))
#15 /var/www/html/web/laravelApi/vendor/laravel/framework/src/Illuminate/Routing/Pipeline.php(33): Illuminate\Pipeline\Pipeline->Illuminate\Pipeline\{closure}(Object(Illuminate\Http\Request))
#16 /var/www/html/web/laravelApi/vendor/laravel/framework/src/Illuminate/Pipeline/Pipeline.php(104): Illuminate\Routing\Pipeline->Illuminate\Routing\{closure}(Object(Illuminate\Http\Request))
#17 /var/www/html/web/laravelApi/vendor/laravel/framework/src/Illuminate/Foundation/Http/Kernel.php(149): Illuminate\Pipeline\Pipeline->then(Object(Closure))
#18 /var/www/html/web/laravelApi/vendor/laravel/framework/src/Illuminate/Foundation/Http/Kernel.php(116): Illuminate\Foundation\Http\Kernel->sendRequestThroughRouter(Object(Illuminate\Http\Request))
#19 /var/www/html/web/laravelApi/public/index.php(53): Illuminate\Foundation\Http\Kernel->handle(Object(Illuminate\Http\Request))
#20 /var/www/html/web/laravelApi/server.php(21): require_once('/var/www/html/w...')
#21 {main}  
[2016-10-11 15:11:56] local.ERROR: ParseError: syntax error, unexpected if (T_IF) in /var/www/html/web/laravelApi/app/Repositories/ItemRepository.php:62
Stack trace:
#0 /var/www/html/web/laravelApi/vendor/composer/ClassLoader.php(301): Composer\Autoload\includeFile('/var/www/html/w...')
#1 [internal function]: Composer\Autoload\ClassLoader->loadClass('App\\Repositorie...')
#2 [internal function]: spl_autoload_call('App\\Repositorie...')
#3 /var/www/html/web/laravelApi/vendor/laravel/framework/src/Illuminate/Container/Container.php(809): ReflectionParameter->getClass()
#4 /var/www/html/web/laravelApi/vendor/laravel/framework/src/Illuminate/Container/Container.php(788): Illuminate\Container\Container->getDependencies(Array, Array)
#5 /var/www/html/web/laravelApi/vendor/laravel/framework/src/Illuminate/Container/Container.php(644): Illuminate\Container\Container->build('App\\Http\\Contro...', Array)
#6 /var/www/html/web/laravelApi/vendor/laravel/framework/src/Illuminate/Foundation/Application.php(709): Illuminate\Container\Container->make('App\\Http\\Contro...', Array)
#7 /var/www/html/web/laravelApi/vendor/laravel/framework/src/Illuminate/Routing/Route.php(203): Illuminate\Foundation\Application->make('App\\Http\\Contro...')
#8 /var/www/html/web/laravelApi/vendor/laravel/framework/src/Illuminate/Routing/Route.php(316): Illuminate\Routing\Route->getController()
#9 /var/www/html/web/laravelApi/vendor/laravel/framework/src/Illuminate/Routing/Route.php(278): Illuminate\Routing\Route->controllerMiddleware()
#10 /var/www/html/web/laravelApi/vendor/laravel/framework/src/Illuminate/Routing/Router.php(655): Illuminate\Routing\Route->gatherMiddleware()
#11 /var/www/html/web/laravelApi/vendor/laravel/framework/src/Illuminate/Foundation/Http/Kernel.php(192): Illuminate\Routing\Router->gatherRouteMiddleware(Object(Illuminate\Routing\Route))
#12 /var/www/html/web/laravelApi/vendor/laravel/framework/src/Illuminate/Foundation/Http/Kernel.php(162): Illuminate\Foundation\Http\Kernel->gatherRouteMiddleware(Object(Illuminate\Http\Request))
#13 /var/www/html/web/laravelApi/public/index.php(58): Illuminate\Foundation\Http\Kernel->terminate(Object(Illuminate\Http\Request), Object(Illuminate\Http\Response))
#14 /var/www/html/web/laravelApi/server.php(21): require_once('/var/www/html/w...')
#15 {main}

Next ReflectionException: Class App\Repositories\ItemRepository does not exist in /var/www/html/web/laravelApi/vendor/laravel/framework/src/Illuminate/Container/Container.php:809
Stack trace:
#0 /var/www/html/web/laravelApi/vendor/laravel/framework/src/Illuminate/Container/Container.php(809): ReflectionParameter->getClass()
#1 /var/www/html/web/laravelApi/vendor/laravel/framework/src/Illuminate/Container/Container.php(788): Illuminate\Container\Container->getDependencies(Array, Array)
#2 /var/www/html/web/laravelApi/vendor/laravel/framework/src/Illuminate/Container/Container.php(644): Illuminate\Container\Container->build('App\\Http\\Contro...', Array)
#3 /var/www/html/web/laravelApi/vendor/laravel/framework/src/Illuminate/Foundation/Application.php(709): Illuminate\Container\Container->make('App\\Http\\Contro...', Array)
#4 /var/www/html/web/laravelApi/vendor/laravel/framework/src/Illuminate/Routing/Route.php(203): Illuminate\Foundation\Application->make('App\\Http\\Contro...')
#5 /var/www/html/web/laravelApi/vendor/laravel/framework/src/Illuminate/Routing/Route.php(316): Illuminate\Routing\Route->getController()
#6 /var/www/html/web/laravelApi/vendor/laravel/framework/src/Illuminate/Routing/Route.php(278): Illuminate\Routing\Route->controllerMiddleware()
#7 /var/www/html/web/laravelApi/vendor/laravel/framework/src/Illuminate/Routing/Router.php(655): Illuminate\Routing\Route->gatherMiddleware()
#8 /var/www/html/web/laravelApi/vendor/laravel/framework/src/Illuminate/Foundation/Http/Kernel.php(192): Illuminate\Routing\Router->gatherRouteMiddleware(Object(Illuminate\Routing\Route))
#9 /var/www/html/web/laravelApi/vendor/laravel/framework/src/Illuminate/Foundation/Http/Kernel.php(162): Illuminate\Foundation\Http\Kernel->gatherRouteMiddleware(Object(Illuminate\Http\Request))
#10 /var/www/html/web/laravelApi/public/index.php(58): Illuminate\Foundation\Http\Kernel->terminate(Object(Illuminate\Http\Request), Object(Illuminate\Http\Response))
#11 /var/www/html/web/laravelApi/server.php(21): require_once('/var/www/html/w...')
#12 {main}  
